Determining if the pthread_create exist failed with the following output:
Change Dir: /home/byf/code/rgbd/src/rgbdslam_v2-kinetic/builf/CMakeFiles/CMakeTmp

Run Build Command:"/usr/bin/make" "cmTC_b4435/fast"
make[1]: 进入目录“/home/byf/code/rgbd/src/rgbdslam_v2-kinetic/builf/CMakeFiles/CMakeTmp”
/usr/bin/make -f CMakeFiles/cmTC_b4435.dir/build.make CMakeFiles/cmTC_b4435.dir/build
make[2]: 进入目录“/home/byf/code/rgbd/src/rgbdslam_v2-kinetic/builf/CMakeFiles/CMakeTmp”
Building C object CMakeFiles/cmTC_b4435.dir/CheckSymbolExists.c.o
/usr/bin/cc    -o CMakeFiles/cmTC_b4435.dir/CheckSymbolExists.c.o   -c /home/byf/code/rgbd/src/rgbdslam_v2-kinetic/builf/CMakeFiles/CMakeTmp/CheckSymbolExists.c
Linking C executable cmTC_b4435
/usr/bin/cmake -E cmake_link_script CMakeFiles/cmTC_b4435.dir/link.txt --verbose=1
/usr/bin/cc      -rdynamic CMakeFiles/cmTC_b4435.dir/CheckSymbolExists.c.o  -o cmTC_b4435 
CMakeFiles/cmTC_b4435.dir/CheckSymbolExists.c.o：在函数‘main’中：
CheckSymbolExists.c:(.text+0x1b)：对‘pthread_create’未定义的引用
collect2: error: ld returned 1 exit status
CMakeFiles/cmTC_b4435.dir/build.make:97: recipe for target 'cmTC_b4435' failed
make[2]: *** [cmTC_b4435] Error 1
make[2]: 离开目录“/home/byf/code/rgbd/src/rgbdslam_v2-kinetic/builf/CMakeFiles/CMakeTmp”
Makefile:126: recipe for target 'cmTC_b4435/fast' failed
make[1]: *** [cmTC_b4435/fast] Error 2
make[1]: 离开目录“/home/byf/code/rgbd/src/rgbdslam_v2-kinetic/builf/CMakeFiles/CMakeTmp”

File /home/byf/code/rgbd/src/rgbdslam_v2-kinetic/builf/CMakeFiles/CMakeTmp/CheckSymbolExists.c:
/* */
#include <pthread.h>

int main(int argc, char** argv)
{
  (void)argv;
#ifndef pthread_create
  return ((int*)(&pthread_create))[argc];
#else
  (void)argc;
  return 0;
#endif
}

Determining if the function pthread_create exists in the pthreads failed with the following output:
Change Dir: /home/byf/code/rgbd/src/rgbdslam_v2-kinetic/builf/CMakeFiles/CMakeTmp

Run Build Command:"/usr/bin/make" "cmTC_f4c0b/fast"
make[1]: 进入目录“/home/byf/code/rgbd/src/rgbdslam_v2-kinetic/builf/CMakeFiles/CMakeTmp”
/usr/bin/make -f CMakeFiles/cmTC_f4c0b.dir/build.make CMakeFiles/cmTC_f4c0b.dir/build
make[2]: 进入目录“/home/byf/code/rgbd/src/rgbdslam_v2-kinetic/builf/CMakeFiles/CMakeTmp”
Building C object CMakeFiles/cmTC_f4c0b.dir/CheckFunctionExists.c.o
/usr/bin/cc   -DCHECK_FUNCTION_EXISTS=pthread_create   -o CMakeFiles/cmTC_f4c0b.dir/CheckFunctionExists.c.o   -c /usr/share/cmake-3.10/Modules/CheckFunctionExists.c
Linking C executable cmTC_f4c0b
/usr/bin/cmake -E cmake_link_script CMakeFiles/cmTC_f4c0b.dir/link.txt --verbose=1
/usr/bin/cc  -DCHECK_FUNCTION_EXISTS=pthread_create    -rdynamic CMakeFiles/cmTC_f4c0b.dir/CheckFunctionExists.c.o  -o cmTC_f4c0b -lpthreads 
/usr/bin/ld: 找不到 -lpthreads
collect2: error: ld returned 1 exit status
CMakeFiles/cmTC_f4c0b.dir/build.make:97: recipe for target 'cmTC_f4c0b' failed
make[2]: *** [cmTC_f4c0b] Error 1
make[2]: 离开目录“/home/byf/code/rgbd/src/rgbdslam_v2-kinetic/builf/CMakeFiles/CMakeTmp”
Makefile:126: recipe for target 'cmTC_f4c0b/fast' failed
make[1]: *** [cmTC_f4c0b/fast] Error 2
make[1]: 离开目录“/home/byf/code/rgbd/src/rgbdslam_v2-kinetic/builf/CMakeFiles/CMakeTmp”


